<?xml version="1.0" encoding="UTF-8"?>
<!-- Generated by org.testng.reporters.JUnitReportReporter -->
<testsuite skipped="0" hostname="user-PC" name="executionEngine.JavaSE_Test" tests="1" failures="0" timestamp="07 Feb 2018 02:11:39 GMT" time="13.280" errors="0">
  <testcase name="Login" time="13.280" classname="executionEngine.JavaSE_Test"/>
</testsuite> <!-- executionEngine.JavaSE_Test -->
