<?xml version="1.0" encoding="UTF-8"?>
<!-- Generated by org.testng.reporters.JUnitReportReporter -->
<testsuite skipped="1" hostname="user-PC" name="executionEngine.TestNG_Operations" tests="7" failures="0" timestamp="10 Apr 2018 12:27:54 GMT" time="0.077" errors="0">
  <testcase name="method9" time="0.003" classname="executionEngine.TestNG_Operations"/>
  <testcase name="method8" time="0.004" classname="executionEngine.TestNG_Operations"/>
  <testcase name="method11" time="0.003" classname="executionEngine.TestNG_Operations"/>
  <testcase name="method10" time="0.062" classname="executionEngine.TestNG_Operations"/>
  <testcase name="method10" time="0.003" classname="executionEngine.TestNG_Operations"/>
  <testcase name="method10" time="0.002" classname="executionEngine.TestNG_Operations"/>
  <testcase name="method2" classname="executionEngine.TestNG_Operations">
    <skipped/>
  </testcase> <!-- method2 -->
</testsuite> <!-- executionEngine.TestNG_Operations -->
